<?xml version="1.0" encoding="UTF-8"?>
<testng-results skipped="0" failed="0" total="1" passed="1">
  <reporter-output>
  </reporter-output>
  <suite name="Default suite" duration-ms="53501" started-at="2019-08-30T14:30:57Z" finished-at="2019-08-30T14:31:51Z">
    <groups>
    </groups>
    <test name="Default test" duration-ms="53501" started-at="2019-08-30T14:30:57Z" finished-at="2019-08-30T14:31:51Z">
      <class name="Basicselenium.TestClass2">
        <test-method status="PASS" signature="BookFlight()[pri:0, instance:Basicselenium.TestClass2@fc185]" name="BookFlight" duration-ms="53477" started-at="2019-08-30T20:00:57Z" finished-at="2019-08-30T20:01:51Z">
          <reporter-output>
          </reporter-output>
        </test-method> <!-- BookFlight -->
      </class> <!-- Basicselenium.TestClass2 -->
    </test> <!-- Default test -->
  </suite> <!-- Default suite -->
</testng-results>
