<?xml version="1.0" encoding="UTF-8"?>
<testng-results skipped="0" failed="0" total="11" passed="11">
  <reporter-output>
  </reporter-output>
  <suite name="Suite" duration-ms="256" started-at="2019-08-28T14:22:09Z" finished-at="2019-08-28T14:22:10Z">
    <groups>
    </groups>
    <test name="SFDC" duration-ms="105" started-at="2019-08-28T14:22:09Z" finished-at="2019-08-28T14:22:09Z">
      <class name="basicAnnotation2.TestClass2">
        <test-method status="PASS" signature="masterSFDC(java.lang.String)[pri:0, instance:basicAnnotation2.TestClass2@34c75a]" name="masterSFDC" is-config="true" duration-ms="12" started-at="2019-08-28T19:52:09Z" finished-at="2019-08-28T19:52:09Z">
          <params>
            <param index="0">
              <value>
                <![CDATA[chrome]]>
              </value>
            </param>
          </params>
          <reporter-output>
          </reporter-output>
        </test-method> <!-- masterSFDC -->
        <test-method status="PASS" signature="beforeClass()[pri:0, instance:basicAnnotation2.TestClass2@34c75a]" name="beforeClass" is-config="true" duration-ms="0" started-at="2019-08-28T19:52:09Z" finished-at="2019-08-28T19:52:09Z">
          <reporter-output>
          </reporter-output>
        </test-method> <!-- beforeClass -->
        <test-method status="PASS" signature="test1()[pri:0, instance:basicAnnotation2.TestClass2@34c75a]" name="test1" duration-ms="2" started-at="2019-08-28T19:52:09Z" finished-at="2019-08-28T19:52:09Z">
          <reporter-output>
          </reporter-output>
        </test-method> <!-- test1 -->
        <test-method status="PASS" signature="beforeMethode()[pri:0, instance:basicAnnotation2.TestClass2@34c75a]" name="beforeMethode" is-config="true" duration-ms="0" started-at="2019-08-28T19:52:09Z" finished-at="2019-08-28T19:52:09Z">
          <reporter-output>
          </reporter-output>
        </test-method> <!-- beforeMethode -->
        <test-method status="PASS" signature="afterMethode()[pri:0, instance:basicAnnotation2.TestClass2@34c75a]" name="afterMethode" is-config="true" duration-ms="0" started-at="2019-08-28T19:52:09Z" finished-at="2019-08-28T19:52:09Z">
          <reporter-output>
          </reporter-output>
        </test-method> <!-- afterMethode -->
        <test-method status="PASS" signature="beforeMethode()[pri:0, instance:basicAnnotation2.TestClass2@34c75a]" name="beforeMethode" is-config="true" duration-ms="1" started-at="2019-08-28T19:52:09Z" finished-at="2019-08-28T19:52:09Z">
          <reporter-output>
          </reporter-output>
        </test-method> <!-- beforeMethode -->
        <test-method status="PASS" signature="test3()[pri:0, instance:basicAnnotation2.TestClass2@34c75a]" name="test3" duration-ms="2" started-at="2019-08-28T19:52:09Z" finished-at="2019-08-28T19:52:09Z">
          <reporter-output>
          </reporter-output>
        </test-method> <!-- test3 -->
        <test-method status="PASS" signature="afterMethode()[pri:0, instance:basicAnnotation2.TestClass2@34c75a]" name="afterMethode" is-config="true" duration-ms="0" started-at="2019-08-28T19:52:09Z" finished-at="2019-08-28T19:52:09Z">
          <reporter-output>
          </reporter-output>
        </test-method> <!-- afterMethode -->
        <test-method status="PASS" signature="afterSFDC()[pri:0, instance:basicAnnotation2.TestClass2@34c75a]" name="afterSFDC" is-config="true" duration-ms="0" started-at="2019-08-28T19:52:09Z" finished-at="2019-08-28T19:52:09Z">
          <reporter-output>
          </reporter-output>
        </test-method> <!-- afterSFDC -->
        <test-method status="PASS" signature="afterClass()[pri:0, instance:basicAnnotation2.TestClass2@34c75a]" name="afterClass" is-config="true" duration-ms="0" started-at="2019-08-28T19:52:09Z" finished-at="2019-08-28T19:52:09Z">
          <reporter-output>
          </reporter-output>
        </test-method> <!-- afterClass -->
      </class> <!-- basicAnnotation2.TestClass2 -->
      <class name="basicAnnotation2.TestClass3">
        <test-method status="PASS" signature="beforeClass()[pri:0, instance:basicAnnotation2.TestClass3@16a51ab]" name="beforeClass" is-config="true" duration-ms="0" started-at="2019-08-28T19:52:09Z" finished-at="2019-08-28T19:52:09Z">
          <reporter-output>
          </reporter-output>
        </test-method> <!-- beforeClass -->
        <test-method status="PASS" signature="beforeMethode()[pri:0, instance:basicAnnotation2.TestClass3@16a51ab]" name="beforeMethode" is-config="true" duration-ms="0" started-at="2019-08-28T19:52:09Z" finished-at="2019-08-28T19:52:09Z">
          <reporter-output>
          </reporter-output>
        </test-method> <!-- beforeMethode -->
        <test-method status="PASS" signature="test1()[pri:0, instance:basicAnnotation2.TestClass3@16a51ab]" name="test1" duration-ms="5" started-at="2019-08-28T19:52:09Z" finished-at="2019-08-28T19:52:09Z">
          <reporter-output>
          </reporter-output>
        </test-method> <!-- test1 -->
        <test-method status="PASS" signature="test2()[pri:0, instance:basicAnnotation2.TestClass3@16a51ab]" name="test2" duration-ms="2" started-at="2019-08-28T19:52:09Z" finished-at="2019-08-28T19:52:09Z">
          <reporter-output>
          </reporter-output>
        </test-method> <!-- test2 -->
        <test-method status="PASS" signature="beforeMethode()[pri:0, instance:basicAnnotation2.TestClass3@16a51ab]" name="beforeMethode" is-config="true" duration-ms="0" started-at="2019-08-28T19:52:09Z" finished-at="2019-08-28T19:52:09Z">
          <reporter-output>
          </reporter-output>
        </test-method> <!-- beforeMethode -->
        <test-method status="PASS" signature="afterMethode()[pri:0, instance:basicAnnotation2.TestClass3@16a51ab]" name="afterMethode" is-config="true" duration-ms="0" started-at="2019-08-28T19:52:09Z" finished-at="2019-08-28T19:52:09Z">
          <reporter-output>
          </reporter-output>
        </test-method> <!-- afterMethode -->
        <test-method status="PASS" signature="afterMethode()[pri:0, instance:basicAnnotation2.TestClass3@16a51ab]" name="afterMethode" is-config="true" duration-ms="0" started-at="2019-08-28T19:52:09Z" finished-at="2019-08-28T19:52:09Z">
          <reporter-output>
          </reporter-output>
        </test-method> <!-- afterMethode -->
        <test-method status="PASS" signature="beforeMethode()[pri:0, instance:basicAnnotation2.TestClass3@16a51ab]" name="beforeMethode" is-config="true" duration-ms="1" started-at="2019-08-28T19:52:09Z" finished-at="2019-08-28T19:52:09Z">
          <reporter-output>
          </reporter-output>
        </test-method> <!-- beforeMethode -->
        <test-method status="PASS" signature="test3()[pri:0, instance:basicAnnotation2.TestClass3@16a51ab]" name="test3" duration-ms="1" started-at="2019-08-28T19:52:09Z" finished-at="2019-08-28T19:52:09Z">
          <reporter-output>
          </reporter-output>
        </test-method> <!-- test3 -->
        <test-method status="PASS" signature="afterMethode()[pri:0, instance:basicAnnotation2.TestClass3@16a51ab]" name="afterMethode" is-config="true" duration-ms="0" started-at="2019-08-28T19:52:09Z" finished-at="2019-08-28T19:52:09Z">
          <reporter-output>
          </reporter-output>
        </test-method> <!-- afterMethode -->
        <test-method status="PASS" signature="afterClass()[pri:0, instance:basicAnnotation2.TestClass3@16a51ab]" name="afterClass" is-config="true" duration-ms="3" started-at="2019-08-28T19:52:09Z" finished-at="2019-08-28T19:52:09Z">
          <reporter-output>
          </reporter-output>
        </test-method> <!-- afterClass -->
      </class> <!-- basicAnnotation2.TestClass3 -->
    </test> <!-- SFDC -->
    <test name="CAS" duration-ms="33" started-at="2019-08-28T14:22:10Z" finished-at="2019-08-28T14:22:10Z">
      <class name="basicAnnotation2.TestClass4">
        <test-method status="PASS" signature="masterMentain(java.lang.String)[pri:0, instance:basicAnnotation2.TestClass4@c285f4]" name="masterMentain" is-config="true" duration-ms="1" started-at="2019-08-28T19:52:10Z" finished-at="2019-08-28T19:52:10Z">
          <params>
            <param index="0">
              <value>
                <![CDATA[firefox]]>
              </value>
            </param>
          </params>
          <reporter-output>
          </reporter-output>
        </test-method> <!-- masterMentain -->
        <test-method status="PASS" signature="beforeClass()[pri:0, instance:basicAnnotation2.TestClass4@c285f4]" name="beforeClass" is-config="true" duration-ms="1" started-at="2019-08-28T19:52:10Z" finished-at="2019-08-28T19:52:10Z">
          <reporter-output>
          </reporter-output>
        </test-method> <!-- beforeClass -->
        <test-method status="PASS" signature="beforeMethode()[pri:0, instance:basicAnnotation2.TestClass4@c285f4]" name="beforeMethode" is-config="true" duration-ms="1" started-at="2019-08-28T19:52:10Z" finished-at="2019-08-28T19:52:10Z">
          <reporter-output>
          </reporter-output>
        </test-method> <!-- beforeMethode -->
        <test-method status="PASS" signature="test1()[pri:0, instance:basicAnnotation2.TestClass4@c285f4]" name="test1" duration-ms="3" started-at="2019-08-28T19:52:10Z" finished-at="2019-08-28T19:52:10Z">
          <reporter-output>
          </reporter-output>
        </test-method> <!-- test1 -->
        <test-method status="PASS" signature="afterMethode()[pri:0, instance:basicAnnotation2.TestClass4@c285f4]" name="afterMethode" is-config="true" duration-ms="2" started-at="2019-08-28T19:52:10Z" finished-at="2019-08-28T19:52:10Z">
          <reporter-output>
          </reporter-output>
        </test-method> <!-- afterMethode -->
        <test-method status="PASS" signature="beforeMethode()[pri:0, instance:basicAnnotation2.TestClass4@c285f4]" name="beforeMethode" is-config="true" duration-ms="0" started-at="2019-08-28T19:52:10Z" finished-at="2019-08-28T19:52:10Z">
          <reporter-output>
          </reporter-output>
        </test-method> <!-- beforeMethode -->
        <test-method status="PASS" signature="test2()[pri:0, instance:basicAnnotation2.TestClass4@c285f4]" name="test2" duration-ms="2" started-at="2019-08-28T19:52:10Z" finished-at="2019-08-28T19:52:10Z">
          <reporter-output>
          </reporter-output>
        </test-method> <!-- test2 -->
        <test-method status="PASS" signature="afterMethode()[pri:0, instance:basicAnnotation2.TestClass4@c285f4]" name="afterMethode" is-config="true" duration-ms="1" started-at="2019-08-28T19:52:10Z" finished-at="2019-08-28T19:52:10Z">
          <reporter-output>
          </reporter-output>
        </test-method> <!-- afterMethode -->
        <test-method status="PASS" signature="beforeMethode()[pri:0, instance:basicAnnotation2.TestClass4@c285f4]" name="beforeMethode" is-config="true" duration-ms="0" started-at="2019-08-28T19:52:10Z" finished-at="2019-08-28T19:52:10Z">
          <reporter-output>
          </reporter-output>
        </test-method> <!-- beforeMethode -->
        <test-method status="PASS" signature="test3()[pri:0, instance:basicAnnotation2.TestClass4@c285f4]" name="test3" duration-ms="1" started-at="2019-08-28T19:52:10Z" finished-at="2019-08-28T19:52:10Z">
          <reporter-output>
          </reporter-output>
        </test-method> <!-- test3 -->
        <test-method status="PASS" signature="afterMethode()[pri:0, instance:basicAnnotation2.TestClass4@c285f4]" name="afterMethode" is-config="true" duration-ms="1" started-at="2019-08-28T19:52:10Z" finished-at="2019-08-28T19:52:10Z">
          <reporter-output>
          </reporter-output>
        </test-method> <!-- afterMethode -->
        <test-method status="PASS" signature="afterClass()[pri:0, instance:basicAnnotation2.TestClass4@c285f4]" name="afterClass" is-config="true" duration-ms="0" started-at="2019-08-28T19:52:10Z" finished-at="2019-08-28T19:52:10Z">
          <reporter-output>
          </reporter-output>
        </test-method> <!-- afterClass -->
        <test-method status="PASS" signature="afterMentain()[pri:0, instance:basicAnnotation2.TestClass4@c285f4]" name="afterMentain" is-config="true" duration-ms="0" started-at="2019-08-28T19:52:10Z" finished-at="2019-08-28T19:52:10Z">
          <reporter-output>
          </reporter-output>
        </test-method> <!-- afterMentain -->
      </class> <!-- basicAnnotation2.TestClass4 -->
      <class name="basicAnnotation2.TestClass5">
        <test-method status="PASS" signature="masterSFDC()[pri:0, instance:basicAnnotation2.TestClass5@38203]" name="masterSFDC" is-config="true" duration-ms="39" started-at="2019-08-28T19:52:09Z" finished-at="2019-08-28T19:52:09Z">
          <reporter-output>
          </reporter-output>
        </test-method> <!-- masterSFDC -->
        <test-method status="PASS" signature="beforeClass()[pri:0, instance:basicAnnotation2.TestClass5@38203]" name="beforeClass" is-config="true" duration-ms="0" started-at="2019-08-28T19:52:10Z" finished-at="2019-08-28T19:52:10Z">
          <reporter-output>
          </reporter-output>
        </test-method> <!-- beforeClass -->
        <test-method status="PASS" signature="beforeMethode()[pri:0, instance:basicAnnotation2.TestClass5@38203]" name="beforeMethode" is-config="true" duration-ms="1" started-at="2019-08-28T19:52:10Z" finished-at="2019-08-28T19:52:10Z">
          <reporter-output>
          </reporter-output>
        </test-method> <!-- beforeMethode -->
        <test-method status="PASS" signature="test1()[pri:0, instance:basicAnnotation2.TestClass5@38203]" name="test1" duration-ms="1" started-at="2019-08-28T19:52:10Z" finished-at="2019-08-28T19:52:10Z">
          <reporter-output>
          </reporter-output>
        </test-method> <!-- test1 -->
        <test-method status="PASS" signature="beforeMethode()[pri:0, instance:basicAnnotation2.TestClass5@38203]" name="beforeMethode" is-config="true" duration-ms="1" started-at="2019-08-28T19:52:10Z" finished-at="2019-08-28T19:52:10Z">
          <reporter-output>
          </reporter-output>
        </test-method> <!-- beforeMethode -->
        <test-method status="PASS" signature="afterMethode()[pri:0, instance:basicAnnotation2.TestClass5@38203]" name="afterMethode" is-config="true" duration-ms="0" started-at="2019-08-28T19:52:10Z" finished-at="2019-08-28T19:52:10Z">
          <reporter-output>
          </reporter-output>
        </test-method> <!-- afterMethode -->
        <test-method status="PASS" signature="test2()[pri:0, instance:basicAnnotation2.TestClass5@38203]" name="test2" duration-ms="1" started-at="2019-08-28T19:52:10Z" finished-at="2019-08-28T19:52:10Z">
          <reporter-output>
          </reporter-output>
        </test-method> <!-- test2 -->
        <test-method status="PASS" signature="beforeMethode()[pri:0, instance:basicAnnotation2.TestClass5@38203]" name="beforeMethode" is-config="true" duration-ms="0" started-at="2019-08-28T19:52:10Z" finished-at="2019-08-28T19:52:10Z">
          <reporter-output>
          </reporter-output>
        </test-method> <!-- beforeMethode -->
        <test-method status="PASS" signature="test3()[pri:0, instance:basicAnnotation2.TestClass5@38203]" name="test3" duration-ms="1" started-at="2019-08-28T19:52:10Z" finished-at="2019-08-28T19:52:10Z">
          <reporter-output>
          </reporter-output>
        </test-method> <!-- test3 -->
        <test-method status="PASS" signature="afterMethode()[pri:0, instance:basicAnnotation2.TestClass5@38203]" name="afterMethode" is-config="true" duration-ms="0" started-at="2019-08-28T19:52:10Z" finished-at="2019-08-28T19:52:10Z">
          <reporter-output>
          </reporter-output>
        </test-method> <!-- afterMethode -->
        <test-method status="PASS" signature="afterMethode()[pri:0, instance:basicAnnotation2.TestClass5@38203]" name="afterMethode" is-config="true" duration-ms="0" started-at="2019-08-28T19:52:10Z" finished-at="2019-08-28T19:52:10Z">
          <reporter-output>
          </reporter-output>
        </test-method> <!-- afterMethode -->
        <test-method status="PASS" signature="afterClass()[pri:0, instance:basicAnnotation2.TestClass5@38203]" name="afterClass" is-config="true" duration-ms="0" started-at="2019-08-28T19:52:10Z" finished-at="2019-08-28T19:52:10Z">
          <reporter-output>
          </reporter-output>
        </test-method> <!-- afterClass -->
        <test-method status="PASS" signature="afterSFDC()[pri:0, instance:basicAnnotation2.TestClass5@38203]" name="afterSFDC" is-config="true" duration-ms="1" started-at="2019-08-28T19:52:10Z" finished-at="2019-08-28T19:52:10Z">
          <reporter-output>
          </reporter-output>
        </test-method> <!-- afterSFDC -->
      </class> <!-- basicAnnotation2.TestClass5 -->
    </test> <!-- CAS -->
  </suite> <!-- Suite -->
</testng-results>
