<?xml version="1.0" encoding="UTF-8"?>
<!-- Generated by org.testng.reporters.JUnitXMLReporter -->
<testsuite hostname="Sagar-PC" name="Default test" tests="3" failures="0" timestamp="23 Aug 2019 16:12:46 GMT" time="0.054" errors="0">
  <testcase name="logicTestCase" time="0.012" classname="basicAnnotations.TestNGClass1"/>
  <testcase name="logicTestCase" time="0.002" classname="basicAnnotations.TestNGClass1"/>
  <testcase name="logicTestCase" time="0.001" classname="basicAnnotations.TestNGClass1"/>
</testsuite> <!-- Default test -->
