<?xml version="1.0" encoding="UTF-8"?>
<testng-results skipped="0" failed="0" total="2" passed="2">
  <reporter-output>
  </reporter-output>
  <suite name="Default suite" duration-ms="62010" started-at="2019-09-10T15:23:28Z" finished-at="2019-09-10T15:24:30Z">
    <groups>
    </groups>
    <test name="Default test" duration-ms="62010" started-at="2019-09-10T15:23:28Z" finished-at="2019-09-10T15:24:30Z">
      <class name="testScript.Tc_BookAFlightOneWayOnePassanger">
        <test-method status="PASS" signature="login()[pri:0, instance:testScript.Tc_BookAFlightOneWayOnePassanger@fc185]" name="login" duration-ms="59973" started-at="2019-09-10T20:53:28Z" finished-at="2019-09-10T20:54:28Z">
          <reporter-output>
          </reporter-output>
        </test-method> <!-- login -->
        <test-method status="PASS" signature="bookAFlight()[pri:0, instance:testScript.Tc_BookAFlightOneWayOnePassanger@fc185]" name="bookAFlight" duration-ms="2010" started-at="2019-09-10T20:54:28Z" depends-on-methods="testScript.Tc_BookAFlightOneWayOnePassanger.login" finished-at="2019-09-10T20:54:30Z">
          <reporter-output>
          </reporter-output>
        </test-method> <!-- bookAFlight -->
      </class> <!-- testScript.Tc_BookAFlightOneWayOnePassanger -->
    </test> <!-- Default test -->
  </suite> <!-- Default suite -->
</testng-results>
