<?xml version="1.0" encoding="UTF-8"?>
<!-- Generated by org.testng.reporters.JUnitXMLReporter -->
<testsuite hostname="Sagar-PC" name="SFDC" tests="5" failures="0" timestamp="28 Aug 2019 14:22:10 GMT" time="0.105" errors="0">
  <testcase name="test1" time="0.005" classname="basicAnnotation2.TestClass3"/>
  <testcase name="test2" time="0.002" classname="basicAnnotation2.TestClass3"/>
  <testcase name="test3" time="0.001" classname="basicAnnotation2.TestClass3"/>
  <testcase name="test1" time="0.002" classname="basicAnnotation2.TestClass2"/>
  <testcase name="test3" time="0.002" classname="basicAnnotation2.TestClass2"/>
</testsuite> <!-- SFDC -->
